slurmstepd: info: Setting TMPDIR to /scratch/2796353. Previous errors about TMPDIR can be discarded
##################################
N: 250
##################################
Ejercicio 1 o0
6068774.00
Ejercicio 1 o2
1219022.00
Ejercicio 1 o3
615578.00
Ejercicio 2
4497832.00
Ejercicio 3
6898430.00
Ejercicio 4 o0
1448082.00
##################################
C: 4
##################################
1437180.00
##################################
C: 8
##################################
1032406.00
##################################
C: 16
##################################
1072798.00
##################################
C: 32
##################################
56869842.00
##################################
C: 64
##################################
3033420.00
Ejercicio 4 o0 Dynamic
1454708.00
Ejercicio 4 o0 Guided
1398316.00
Ejercicio 4 o0 Collapse
1419690.00
Ejercicio 4 o2
497376.00
##############################s####

##################################
N: 500
##################################
Ejercicio 1 o0
24677750.00
Ejercicio 1 o2
5066332.00
Ejercicio 1 o3
2682240.00
Ejercicio 2
17851824.00
Ejercicio 3
27382740.00
Ejercicio 4 o0
4986698.00
##################################
C: 4
##################################
5013618.00
##################################
C: 8
##################################
3001752.00
##################################
C: 16
##################################
2227324.00
##################################
C: 32
##################################
2327770.00
##################################
C: 64
##################################
3366508.00
Ejercicio 4 o0 Dynamic
5018630.00
Ejercicio 4 o0 Guided
4989714.00
Ejercicio 4 o0 Collapse
5028618.00
Ejercicio 4 o2
1449046.00
##############################s####

##################################
N: 750
##################################
Ejercicio 1 o0
54627698.00
Ejercicio 1 o2
10140816.00
Ejercicio 1 o3
4746204.00
Ejercicio 2
39134110.00
Ejercicio 3
60975838.00
Ejercicio 4 o0
10497314.00
##################################
C: 4
##################################
9996698.00
##################################
C: 8
##################################
6110598.00
##################################
C: 16
##################################
4107308.00
##################################
C: 32
##################################
4020272.00
##################################
C: 64
##################################
77150578.00
Ejercicio 4 o0 Dynamic
10590842.00
Ejercicio 4 o0 Guided
10782522.00
Ejercicio 4 o0 Collapse
10455994.00
Ejercicio 4 o2
2839376.00
##############################s####

##################################
N: 1000
##################################
Ejercicio 1 o0
95540140.00
Ejercicio 1 o2
16489924.00
Ejercicio 1 o3
6973640.00
Ejercicio 2
68313352.00
Ejercicio 3
106294588.00
Ejercicio 4 o0
18173644.00
##################################
C: 4
##################################
17892646.00
##################################
C: 8
##################################
9620122.00
##################################
C: 16
##################################
6227240.00
##################################
C: 32
##################################
4656060.00
##################################
C: 64
##################################
5228986.00
Ejercicio 4 o0 Dynamic
18121670.00
Ejercicio 4 o0 Guided
17776632.00
Ejercicio 4 o0 Collapse
18270400.00
Ejercicio 4 o2
4814230.00
##############################s####

##################################
N: 1500
##################################
Ejercicio 1 o0
215921426.00
Ejercicio 1 o2
36164940.00
Ejercicio 1 o3
14508938.00
Ejercicio 2
152475042.00
Ejercicio 3
238559198.00
Ejercicio 4 o0
39274262.00
##################################
C: 4
##################################
38933368.00
##################################
C: 8
##################################
20431688.00
##################################
C: 16
##################################
12077370.00
##################################
C: 32
##################################
7929348.00
##################################
C: 64
##################################
6969468.00
Ejercicio 4 o0 Dynamic
40114210.00
Ejercicio 4 o0 Guided
39351918.00
Ejercicio 4 o0 Collapse
39720384.00
Ejercicio 4 o2
9613272.00
##############################s####

##################################
N: 2000
##################################
Ejercicio 1 o0
378927232.00
Ejercicio 1 o2
64967800.00
Ejercicio 1 o3
28938384.00
Ejercicio 2
273637240.00
Ejercicio 3
424539428.00
Ejercicio 4 o0
70385494.00
##################################
C: 4
##################################
69569880.00
##################################
C: 8
##################################
36720098.00
##################################
C: 16
##################################
20152878.00
##################################
C: 32
##################################
12582906.00
##################################
C: 64
##################################
9411860.00
Ejercicio 4 o0 Dynamic
70260564.00
Ejercicio 4 o0 Guided
69550676.00
Ejercicio 4 o0 Collapse
69672826.00
Ejercicio 4 o2
17278566.00
##############################s####

##################################
N: 2550
##################################
Ejercicio 1 o0
621819748.00
Ejercicio 1 o2
109346468.00
Ejercicio 1 o3
49159448.00
Ejercicio 2
445715552.00
Ejercicio 3
693888904.00
Ejercicio 4 o0
113980164.00
##################################
C: 4
##################################
113332864.00
##################################
C: 8
##################################
57929894.00
##################################
C: 16
##################################
31480388.00
##################################
C: 32
##################################
18725626.00
##################################
C: 64
##################################
12742918.00
Ejercicio 4 o0 Dynamic
113012626.00
Ejercicio 4 o0 Guided
113262854.00
Ejercicio 4 o0 Collapse
113812398.00
Ejercicio 4 o2
28153196.00
##############################s####

##################################
N: 3000
##################################
Ejercicio 1 o0
855217676.00
Ejercicio 1 o2
151357224.00
Ejercicio 1 o3
67226304.00
Ejercicio 2
617222184.00
Ejercicio 3
958474760.00
Ejercicio 4 o0
156146736.00
##################################
C: 4
##################################
156891138.00
##################################
C: 8
##################################
79580298.00
##################################
C: 16
##################################
43543804.00
##################################
C: 32
##################################
24689432.00
##################################
C: 64
##################################
16698400.00
Ejercicio 4 o0 Dynamic
156857300.00
Ejercicio 4 o0 Guided
156786066.00
Ejercicio 4 o0 Collapse
157512110.00
Ejercicio 4 o2
39158868.00
##############################s####

##################################
N: 250
##################################
Ejercicio 1 o0
6115178.00
Ejercicio 1 o2
1221928.00
Ejercicio 1 o3
622356.00
Ejercicio 2
4510670.00
Ejercicio 3
6905298.00
Ejercicio 4 o0
1451494.00
##################################
C: 4
##################################
1419102.00
##################################
C: 8
##################################
1083696.00
##################################
C: 16
##################################
1088588.00
##################################
C: 32
##################################
1657724.00
##################################
C: 64
##################################
3171734.00
Ejercicio 4 o0 Dynamic
1447716.00
Ejercicio 4 o0 Guided
1406386.00
Ejercicio 4 o0 Collapse
1418304.00
Ejercicio 4 o2
497578.00
##############################s####

##################################
N: 500
##################################
Ejercicio 1 o0
24937606.00
Ejercicio 1 o2
5081704.00
Ejercicio 1 o3
2686356.00
Ejercicio 2
17932782.00
Ejercicio 3
27398432.00
Ejercicio 4 o0
4997602.00
##################################
C: 4
##################################
5022932.00
##################################
C: 8
##################################
3038624.00
##################################
C: 16
##################################
2241784.00
##################################
C: 32
##################################
2319140.00
##################################
C: 64
##################################
3513288.00
Ejercicio 4 o0 Dynamic
5017990.00
Ejercicio 4 o0 Guided
5029368.00
Ejercicio 4 o0 Collapse
5034826.00
Ejercicio 4 o2
1456924.00
##############################s####

##################################
N: 750
##################################
Ejercicio 1 o0
55229116.00
Ejercicio 1 o2
10119316.00
Ejercicio 1 o3
4800736.00
Ejercicio 2
39205044.00
Ejercicio 3
61523436.00
Ejercicio 4 o0
10349174.00
##################################
C: 4
##################################
10641184.00
##################################
C: 8
##################################
5839118.00
##################################
C: 16
##################################
3853830.00
##################################
C: 32
##################################
3578498.00
##################################
C: 64
##################################
4241666.00
Ejercicio 4 o0 Dynamic
10495566.00
Ejercicio 4 o0 Guided
10408656.00
Ejercicio 4 o0 Collapse
10668980.00
Ejercicio 4 o2
2894368.00
##############################s####

##################################
N: 1000
##################################
Ejercicio 1 o0
95926628.00
Ejercicio 1 o2
17934860.00
Ejercicio 1 o3
7071818.00
Ejercicio 2
68305740.00
Ejercicio 3
107217128.00
Ejercicio 4 o0
18022458.00
##################################
C: 4
##################################
17875414.00
##################################
C: 8
##################################
9781270.00
##################################
C: 16
##################################
6334110.00
##################################
C: 32
##################################
4612170.00
##################################
C: 64
##################################
5161140.00
Ejercicio 4 o0 Dynamic
18120806.00
Ejercicio 4 o0 Guided
17970780.00
Ejercicio 4 o0 Collapse
18183394.00
Ejercicio 4 o2
4636346.00
##############################s####

##################################
N: 1500
##################################
Ejercicio 1 o0
214963728.00
Ejercicio 1 o2
35694406.00
Ejercicio 1 o3
15771572.00
Ejercicio 2
153452600.00
Ejercicio 3
237524254.00
Ejercicio 4 o0
38705310.00
##################################
C: 4
##################################
39239306.00
##################################
C: 8
##################################
20918406.00
##################################
C: 16
##################################
11680042.00
##################################
C: 32
##################################
7748248.00
##################################
C: 64
##################################
7470602.00
Ejercicio 4 o0 Dynamic
40277152.00
Ejercicio 4 o0 Guided
39719174.00
Ejercicio 4 o0 Collapse
39485714.00
Ejercicio 4 o2
9781636.00
##############################s####

##################################
N: 2000
##################################
Ejercicio 1 o0
378857062.00
Ejercicio 1 o2
66312966.00
Ejercicio 1 o3
28885444.00
Ejercicio 2
272520572.00
Ejercicio 3
425719370.00
Ejercicio 4 o0
70170738.00
##################################
C: 4
##################################
70383800.00
##################################
C: 8
##################################
36953988.00
##################################
C: 16
##################################
20113234.00
##################################
C: 32
##################################
12426558.00
##################################
C: 64
##################################
9904736.00
Ejercicio 4 o0 Dynamic
69781430.00
Ejercicio 4 o0 Guided
70455152.00
Ejercicio 4 o0 Collapse
69763568.00
Ejercicio 4 o2
17214250.00
##############################s####

##################################
N: 2550
##################################
Ejercicio 1 o0
616391812.00
Ejercicio 1 o2
108229426.00
Ejercicio 1 o3
48908160.00
Ejercicio 2
444802686.00
Ejercicio 3
692550092.00
Ejercicio 4 o0
113040818.00
##################################
C: 4
##################################
113753228.00
##################################
C: 8
##################################
58504076.00
##################################
C: 16
##################################
31132658.00
##################################
C: 32
##################################
18603630.00
##################################
C: 64
##################################
12558714.00
Ejercicio 4 o0 Dynamic
113997000.00
Ejercicio 4 o0 Guided
113357370.00
Ejercicio 4 o0 Collapse
113446216.00
Ejercicio 4 o2
27597512.00
##############################s####

##################################
N: 3000
##################################
Ejercicio 1 o0
849699976.00
Ejercicio 1 o2
151846678.00
Ejercicio 1 o3
67205374.00
Ejercicio 2
617566956.00
Ejercicio 3
959923650.00
Ejercicio 4 o0
156817700.00
##################################
C: 4
##################################
156858678.00
##################################
C: 8
##################################
80277380.00
##################################
C: 16
##################################
42908068.00
##################################
C: 32
##################################
24568014.00
##################################
C: 64
##################################
17060778.00
Ejercicio 4 o0 Dynamic
156981386.00
Ejercicio 4 o0 Guided
156833796.00
Ejercicio 4 o0 Collapse
156846032.00
Ejercicio 4 o2
38777148.00
##############################s####

##################################
N: 250
##################################
Ejercicio 1 o0
6159100.00
Ejercicio 1 o2
1224002.00
Ejercicio 1 o3
648366.00
Ejercicio 2
4491104.00
Ejercicio 3
6910338.00
Ejercicio 4 o0
1433330.00
##################################
C: 4
##################################
1435548.00
##################################
C: 8
##################################
1033440.00
##################################
C: 16
##################################
1090536.00
##################################
C: 32
##################################
1613474.00
##################################
C: 64
##################################
3180232.00
Ejercicio 4 o0 Dynamic
1436084.00
Ejercicio 4 o0 Guided
1409278.00
Ejercicio 4 o0 Collapse
1425152.00
Ejercicio 4 o2
488088.00
##############################s####

##################################
N: 500
##################################
Ejercicio 1 o0
24642276.00
Ejercicio 1 o2
5098386.00
Ejercicio 1 o3
2676504.00
Ejercicio 2
17888502.00
Ejercicio 3
27467388.00
Ejercicio 4 o0
4989702.00
##################################
C: 4
##################################
5025756.00
##################################
C: 8
##################################
3015268.00
##################################
C: 16
##################################
2221488.00
##################################
C: 32
##################################
2355228.00
##################################
C: 64
##################################
3711284.00
Ejercicio 4 o0 Dynamic
5021286.00
Ejercicio 4 o0 Guided
5025884.00
Ejercicio 4 o0 Collapse
5030694.00
Ejercicio 4 o2
1441388.00
##############################s####

##################################
N: 750
##################################
Ejercicio 1 o0
54046474.00
Ejercicio 1 o2
8985538.00
Ejercicio 1 o3
4952224.00
Ejercicio 2
39125804.00
Ejercicio 3
60556502.00
Ejercicio 4 o0
10509638.00
##################################
C: 4
##################################
10033278.00
##################################
C: 8
##################################
6284770.00
##################################
C: 16
##################################
3802052.00
##################################
C: 32
##################################
3542530.00
##################################
C: 64
##################################
4186780.00
Ejercicio 4 o0 Dynamic
10403358.00
Ejercicio 4 o0 Guided
10392854.00
Ejercicio 4 o0 Collapse
10650600.00
Ejercicio 4 o2
2805068.00
##############################s####

##################################
N: 1000
##################################
Ejercicio 1 o0
97433222.00
Ejercicio 1 o2
16629298.00
Ejercicio 1 o3
6989738.00
Ejercicio 2
68385274.00
Ejercicio 3
106296018.00
Ejercicio 4 o0
17725602.00
##################################
C: 4
##################################
17822384.00
##################################
C: 8
##################################
10040594.00
##################################
C: 16
##################################
6618434.00
##################################
C: 32
##################################
4564200.00
##################################
C: 64
##################################
49572604.00
Ejercicio 4 o0 Dynamic
18054316.00
Ejercicio 4 o0 Guided
18343050.00
Ejercicio 4 o0 Collapse
18204358.00
Ejercicio 4 o2
4714652.00
##############################s####

##################################
N: 1500
##################################
Ejercicio 1 o0
212713624.00
Ejercicio 1 o2
37305988.00
Ejercicio 1 o3
15587206.00
Ejercicio 2
153407270.00
Ejercicio 3
238497630.00
Ejercicio 4 o0
39349094.00
##################################
C: 4
##################################
39110660.00
##################################
C: 8
##################################
20509708.00
##################################
C: 16
##################################
11926716.00
##################################
C: 32
##################################
8049538.00
##################################
C: 64
##################################
7184834.00
Ejercicio 4 o0 Dynamic
39913036.00
Ejercicio 4 o0 Guided
40447896.00
Ejercicio 4 o0 Collapse
39630186.00
Ejercicio 4 o2
10082706.00
##############################s####

##################################
N: 2000
##################################
Ejercicio 1 o0
380857506.00
Ejercicio 1 o2
65018586.00
Ejercicio 1 o3
28718014.00
Ejercicio 2
273633812.00
Ejercicio 3
425023882.00
Ejercicio 4 o0
69742686.00
##################################
C: 4
##################################
70215800.00
##################################
C: 8
##################################
36897876.00
##################################
C: 16
##################################
20156822.00
##################################
C: 32
##################################
12680556.00
##################################
C: 64
##################################
9895692.00
Ejercicio 4 o0 Dynamic
70003136.00
Ejercicio 4 o0 Guided
69875402.00
Ejercicio 4 o0 Collapse
69754622.00
Ejercicio 4 o2
17232154.00
##############################s####

##################################
N: 2550
##################################
Ejercicio 1 o0
614766688.00
Ejercicio 1 o2
108706654.00
Ejercicio 1 o3
47836358.00
Ejercicio 2
445380832.00
Ejercicio 3
692919958.00
Ejercicio 4 o0
113642778.00
##################################
C: 4
##################################
113321008.00
##################################
C: 8
##################################
58458688.00
##################################
C: 16
##################################
31032078.00
##################################
C: 32
##################################
18597206.00
##################################
C: 64
##################################
12411228.00
Ejercicio 4 o0 Dynamic
113249970.00
Ejercicio 4 o0 Guided
113625658.00
Ejercicio 4 o0 Collapse
112979296.00
Ejercicio 4 o2
27542188.00
##############################s####

##################################
N: 3000
##################################
Ejercicio 1 o0
854237578.00
Ejercicio 1 o2
150130720.00
Ejercicio 1 o3
67603998.00
Ejercicio 2
617032432.00
Ejercicio 3
960221474.00
Ejercicio 4 o0
157325930.00
##################################
C: 4
##################################
157576594.00
##################################
C: 8
##################################
80002892.00
##################################
C: 16
##################################
42953076.00
##################################
C: 32
##################################
24414332.00
##################################
C: 64
##################################
16953728.00
Ejercicio 4 o0 Dynamic
157494060.00
Ejercicio 4 o0 Guided
156919896.00
Ejercicio 4 o0 Collapse
157087498.00
Ejercicio 4 o2
39291522.00
##############################s####

##################################
N: 250
##################################
Ejercicio 1 o0
6112920.00
Ejercicio 1 o2
1229526.00
Ejercicio 1 o3
628196.00
Ejercicio 2
4482404.00
Ejercicio 3
6894458.00
Ejercicio 4 o0
1421394.00
##################################
C: 4
##################################
1428280.00
##################################
C: 8
##################################
1052494.00
##################################
C: 16
##################################
1064972.00
##################################
C: 32
##################################
1910718.00
##################################
C: 64
##################################
3168822.00
Ejercicio 4 o0 Dynamic
1427698.00
Ejercicio 4 o0 Guided
1408650.00
Ejercicio 4 o0 Collapse
1431556.00
Ejercicio 4 o2
502088.00
##############################s####

##################################
N: 500
##################################
Ejercicio 1 o0
24741952.00
Ejercicio 1 o2
5091128.00
Ejercicio 1 o3
2714700.00
Ejercicio 2
17915428.00
Ejercicio 3
27409626.00
Ejercicio 4 o0
5025544.00
##################################
C: 4
##################################
5002260.00
##################################
C: 8
##################################
3041378.00
##################################
C: 16
##################################
2282948.00
##################################
C: 32
##################################
2437546.00
##################################
C: 64
##################################
3460154.00
Ejercicio 4 o0 Dynamic
5032384.00
Ejercicio 4 o0 Guided
4994676.00
Ejercicio 4 o0 Collapse
5033296.00
Ejercicio 4 o2
1448280.00
##############################s####

##################################
N: 750
##################################
Ejercicio 1 o0
53891930.00
Ejercicio 1 o2
10301920.00
Ejercicio 1 o3
3629594.00
Ejercicio 2
39250966.00
Ejercicio 3
61014692.00
Ejercicio 4 o0
10366954.00
##################################
C: 4
##################################
10767524.00
##################################
C: 8
##################################
6288630.00
##################################
C: 16
##################################
4531856.00
##################################
C: 32
##################################
3642942.00
##################################
C: 64
##################################
4451642.00
Ejercicio 4 o0 Dynamic
10497050.00
Ejercicio 4 o0 Guided
10391208.00
Ejercicio 4 o0 Collapse
10698510.00
Ejercicio 4 o2
2931594.00
##############################s####

##################################
N: 1000
##################################
Ejercicio 1 o0
96173148.00
Ejercicio 1 o2
17986210.00
Ejercicio 1 o3
7150364.00
Ejercicio 2
69538932.00
Ejercicio 3
106335518.00
Ejercicio 4 o0
17725032.00
##################################
C: 4
##################################
17780390.00
##################################
C: 8
##################################
10013760.00
##################################
C: 16
##################################
5802834.00
##################################
C: 32
##################################
4835890.00
##################################
C: 64
##################################
5036514.00
Ejercicio 4 o0 Dynamic
18285166.00
Ejercicio 4 o0 Guided
17821914.00
Ejercicio 4 o0 Collapse
17779610.00
Ejercicio 4 o2
4717926.00
##############################s####

##################################
N: 1500
##################################
Ejercicio 1 o0
217231728.00
Ejercicio 1 o2
36596838.00
Ejercicio 1 o3
14717702.00
Ejercicio 2
153848320.00
Ejercicio 3
237690230.00
Ejercicio 4 o0
39320796.00
##################################
C: 4
##################################
39516254.00
##################################
C: 8
##################################
21114344.00
##################################
C: 16
##################################
11811400.00
##################################
C: 32
##################################
8067202.00
##################################
C: 64
##################################
7054558.00
Ejercicio 4 o0 Dynamic
39224272.00
Ejercicio 4 o0 Guided
39345462.00
Ejercicio 4 o0 Collapse
39113854.00
Ejercicio 4 o2
9879852.00
##############################s####

##################################
N: 2000
##################################
Ejercicio 1 o0
379941214.00
Ejercicio 1 o2
64819646.00
Ejercicio 1 o3
28509300.00
Ejercicio 2
273476240.00
Ejercicio 3
426881332.00
Ejercicio 4 o0
70181232.00
##################################
C: 4
##################################
70398660.00
##################################
C: 8
##################################
36432544.00
##################################
C: 16
##################################
19973868.00
##################################
C: 32
##################################
12594526.00
##################################
C: 64
##################################
9377730.00
Ejercicio 4 o0 Dynamic
70051664.00
Ejercicio 4 o0 Guided
70316846.00
Ejercicio 4 o0 Collapse
70537908.00
Ejercicio 4 o2
17731852.00
##############################s####

##################################
N: 2550
##################################
Ejercicio 1 o0
618959286.00
Ejercicio 1 o2
108622660.00
Ejercicio 1 o3
47637830.00
Ejercicio 2
445133484.00
Ejercicio 3
693815538.00
Ejercicio 4 o0
113020050.00
##################################
C: 4
##################################
113275816.00
##################################
C: 8
##################################
58319842.00
##################################
C: 16
##################################
31159514.00
##################################
C: 32
##################################
18548050.00
##################################
C: 64
##################################
12403624.00
Ejercicio 4 o0 Dynamic
113095790.00
Ejercicio 4 o0 Guided
112879336.00
Ejercicio 4 o0 Collapse
113971746.00
Ejercicio 4 o2
28734508.00
##############################s####

##################################
N: 3000
##################################
Ejercicio 1 o0
850161630.00
Ejercicio 1 o2
151115494.00
Ejercicio 1 o3
65461842.00
Ejercicio 2
616034996.00
Ejercicio 3
960944156.00
Ejercicio 4 o0
156860420.00
##################################
C: 4
##################################
156534704.00
##################################
C: 8
##################################
80019078.00
##################################
C: 16
##################################
42465396.00
##################################
C: 32
##################################
24261842.00
##################################
C: 64
##################################
16916858.00
Ejercicio 4 o0 Dynamic
156966800.00
Ejercicio 4 o0 Guided
156511732.00
Ejercicio 4 o0 Collapse
157413966.00
Ejercicio 4 o2
39154478.00
##############################s####

##################################
N: 250
##################################
Ejercicio 1 o0
6110668.00
Ejercicio 1 o2
1237202.00
Ejercicio 1 o3
636118.00
Ejercicio 2
4484848.00
Ejercicio 3
6906762.00
Ejercicio 4 o0
1437640.00
##################################
C: 4
##################################
1438528.00
##################################
C: 8
##################################
1032402.00
##################################
C: 16
##################################
1106936.00
##################################
C: 32
##################################
1647054.00
##################################
C: 64
##################################
3173726.00
Ejercicio 4 o0 Dynamic
1424874.00
Ejercicio 4 o0 Guided
1428212.00
Ejercicio 4 o0 Collapse
1392936.00
Ejercicio 4 o2
490378.00
##############################s####

##################################
N: 500
##################################
Ejercicio 1 o0
24770538.00
Ejercicio 1 o2
5080128.00
Ejercicio 1 o3
2692400.00
Ejercicio 2
17869584.00
Ejercicio 3
27393254.00
Ejercicio 4 o0
4987764.00
##################################
C: 4
##################################
5004870.00
##################################
C: 8
##################################
3035648.00
##################################
C: 16
##################################
2246260.00
##################################
C: 32
##################################
2348596.00
##################################
C: 64
##################################
3392324.00
Ejercicio 4 o0 Dynamic
5024804.00
Ejercicio 4 o0 Guided
5011202.00
Ejercicio 4 o0 Collapse
5002726.00
Ejercicio 4 o2
1436340.00
##############################s####

##################################
N: 750
##################################
Ejercicio 1 o0
55038032.00
Ejercicio 1 o2
10099652.00
Ejercicio 1 o3
4744456.00
Ejercicio 2
39147664.00
Ejercicio 3
61741002.00
Ejercicio 4 o0
10327582.00
##################################
C: 4
##################################
10602334.00
##################################
C: 8
##################################
6330502.00
##################################
C: 16
##################################
3719870.00
##################################
C: 32
##################################
3770132.00
##################################
C: 64
##################################
4292042.00
Ejercicio 4 o0 Dynamic
10431622.00
Ejercicio 4 o0 Guided
10733640.00
Ejercicio 4 o0 Collapse
10347950.00
Ejercicio 4 o2
2690618.00
##############################s####

##################################
N: 1000
##################################
Ejercicio 1 o0
96165992.00
Ejercicio 1 o2
16486154.00
Ejercicio 1 o3
6972332.00
Ejercicio 2
68230982.00
Ejercicio 3
106961536.00
Ejercicio 4 o0
18136708.00
##################################
C: 4
##################################
17761844.00
##################################
C: 8
##################################
9690966.00
##################################
C: 16
##################################
6361446.00
##################################
C: 32
##################################
5092596.00
##################################
C: 64
##################################
5100740.00
Ejercicio 4 o0 Dynamic
17896046.00
Ejercicio 4 o0 Guided
18222404.00
Ejercicio 4 o0 Collapse
17779838.00
Ejercicio 4 o2
4748752.00
##############################s####

##################################
N: 1500
##################################
Ejercicio 1 o0
216175024.00
Ejercicio 1 o2
36180754.00
Ejercicio 1 o3
15655480.00
Ejercicio 2
152554886.00
Ejercicio 3
238432520.00
Ejercicio 4 o0
39215420.00
##################################
C: 4
##################################
39686876.00
##################################
C: 8
##################################
20731698.00
##################################
C: 16
##################################
11765884.00
##################################
C: 32
##################################
8251016.00
##################################
C: 64
##################################
6992634.00
Ejercicio 4 o0 Dynamic
39267206.00
Ejercicio 4 o0 Guided
39843340.00
Ejercicio 4 o0 Collapse
39340124.00
Ejercicio 4 o2
9605036.00
##############################s####

##################################
N: 2000
##################################
Ejercicio 1 o0
379921836.00
Ejercicio 1 o2
66211814.00
Ejercicio 1 o3
28817014.00
Ejercicio 2
273621032.00
Ejercicio 3
424636956.00
Ejercicio 4 o0
69898784.00
##################################
C: 4
##################################
69978430.00
##################################
C: 8
##################################
36701898.00
##################################
C: 16
##################################
20045280.00
##################################
C: 32
##################################
12191304.00
##################################
C: 64
##################################
10073790.00
Ejercicio 4 o0 Dynamic
70325556.00
Ejercicio 4 o0 Guided
69522692.00
Ejercicio 4 o0 Collapse
69950488.00
Ejercicio 4 o2
17260134.00
##############################s####

##################################
N: 2550
##################################
Ejercicio 1 o0
619534292.00
Ejercicio 1 o2
108193998.00
Ejercicio 1 o3
47595588.00
Ejercicio 2
446448228.00
Ejercicio 3
692983184.00
Ejercicio 4 o0
113084350.00
##################################
C: 4
##################################
113712672.00
##################################
C: 8
##################################
57855920.00
##################################
C: 16
##################################
31034594.00
##################################
C: 32
##################################
19243750.00
##################################
C: 64
##################################
12710962.00
Ejercicio 4 o0 Dynamic
113318602.00
Ejercicio 4 o0 Guided
113153604.00
Ejercicio 4 o0 Collapse
112830034.00
Ejercicio 4 o2
28105738.00
##############################s####

##################################
N: 3000
##################################
Ejercicio 1 o0
854076426.00
Ejercicio 1 o2
151258326.00
Ejercicio 1 o3
67444136.00
Ejercicio 2
617327298.00
Ejercicio 3
959008940.00
Ejercicio 4 o0
157511834.00
##################################
C: 4
##################################
157112116.00
##################################
C: 8
##################################
79909050.00
##################################
C: 16
##################################
43105396.00
##################################
C: 32
##################################
24984326.00
##################################
C: 64
##################################
16908094.00
Ejercicio 4 o0 Dynamic
157071360.00
Ejercicio 4 o0 Guided
157014256.00
Ejercicio 4 o0 Collapse
156225016.00
Ejercicio 4 o2
39051072.00
##############################s####

##################################
N: 250
##################################
Ejercicio 1 o0
6113746.00
Ejercicio 1 o2
1222652.00
Ejercicio 1 o3
624868.00
Ejercicio 2
4492952.00
Ejercicio 3
6900180.00
Ejercicio 4 o0
1446590.00
##################################
C: 4
##################################
1434876.00
##################################
C: 8
##################################
1059626.00
##################################
C: 16
##################################
1047396.00
##################################
C: 32
##################################
1644538.00
##################################
C: 64
##################################
3486360.00
Ejercicio 4 o0 Dynamic
1426748.00
Ejercicio 4 o0 Guided
1428784.00
Ejercicio 4 o0 Collapse
1420588.00
Ejercicio 4 o2
500230.00
##############################s####

##################################
N: 500
##################################
Ejercicio 1 o0
24886550.00
Ejercicio 1 o2
5104728.00
Ejercicio 1 o3
2697712.00
Ejercicio 2
17882620.00
Ejercicio 3
27402110.00
Ejercicio 4 o0
5002574.00
##################################
C: 4
##################################
4981448.00
##################################
C: 8
##################################
3019076.00
##################################
C: 16
##################################
2233198.00
##################################
C: 32
##################################
2335718.00
##################################
C: 64
##################################
3296158.00
Ejercicio 4 o0 Dynamic
5000470.00
Ejercicio 4 o0 Guided
5008196.00
Ejercicio 4 o0 Collapse
4997252.00
Ejercicio 4 o2
1423626.00
##############################s####

##################################
N: 750
##################################
Ejercicio 1 o0
54909436.00
Ejercicio 1 o2
9114500.00
Ejercicio 1 o3
4825046.00
Ejercicio 2
38089952.00
Ejercicio 3
60602918.00
Ejercicio 4 o0
10318090.00
##################################
C: 4
##################################
10680064.00
##################################
C: 8
##################################
6116954.00
##################################
C: 16
##################################
3770970.00
##################################
C: 32
##################################
3454138.00
##################################
C: 64
##################################
4593660.00
Ejercicio 4 o0 Dynamic
10338818.00
Ejercicio 4 o0 Guided
10650352.00
Ejercicio 4 o0 Collapse
10379762.00
Ejercicio 4 o2
2854264.00
##############################s####

##################################
N: 1000
##################################
Ejercicio 1 o0
95607858.00
Ejercicio 1 o2
16488568.00
Ejercicio 1 o3
8592436.00
Ejercicio 2
69386130.00
Ejercicio 3
106200650.00
Ejercicio 4 o0
17645414.00
##################################
C: 4
##################################
17924870.00
##################################
C: 8
##################################
9887718.00
##################################
C: 16
##################################
5807080.00
##################################
C: 32
##################################
4476390.00
##################################
C: 64
##################################
5142696.00
Ejercicio 4 o0 Dynamic
17805172.00
Ejercicio 4 o0 Guided
17680576.00
Ejercicio 4 o0 Collapse
17722642.00
Ejercicio 4 o2
4501130.00
##############################s####

##################################
N: 1500
##################################
Ejercicio 1 o0
213750800.00
Ejercicio 1 o2
35879044.00
Ejercicio 1 o3
15793288.00
Ejercicio 2
153620280.00
Ejercicio 3
238380738.00
Ejercicio 4 o0
39159340.00
##################################
C: 4
##################################
39376174.00
##################################
C: 8
##################################
20821300.00
##################################
C: 16
##################################
12043128.00
##################################
C: 32
##################################
7774830.00
##################################
C: 64
##################################
7236894.00
Ejercicio 4 o0 Dynamic
40300088.00
Ejercicio 4 o0 Guided
39303036.00
Ejercicio 4 o0 Collapse
39779072.00
Ejercicio 4 o2
10399734.00
##############################s####

##################################
N: 2000
##################################
Ejercicio 1 o0
380291040.00
Ejercicio 1 o2
66503954.00
Ejercicio 1 o3
27737532.00
Ejercicio 2
274096352.00
Ejercicio 3
426982002.00
Ejercicio 4 o0
69817070.00
##################################
C: 4
##################################
69526058.00
##################################
C: 8
##################################
36793340.00
##################################
C: 16
##################################
19903330.00
##################################
C: 32
##################################
12364904.00
##################################
C: 64
##################################
9895682.00
Ejercicio 4 o0 Dynamic
70188114.00
Ejercicio 4 o0 Guided
70011048.00
Ejercicio 4 o0 Collapse
70091300.00
Ejercicio 4 o2
17412170.00
##############################s####

##################################
N: 2550
##################################
Ejercicio 1 o0
617487438.00
Ejercicio 1 o2
108623724.00
Ejercicio 1 o3
47421640.00
Ejercicio 2
446376018.00
Ejercicio 3
693602246.00
Ejercicio 4 o0
113971596.00
##################################
C: 4
##################################
113426464.00
##################################
C: 8
##################################
57915604.00
##################################
C: 16
##################################
31434900.00
##################################
C: 32
##################################
18789344.00
##################################
C: 64
##################################
12782978.00
Ejercicio 4 o0 Dynamic
113088508.00
Ejercicio 4 o0 Guided
113110296.00
Ejercicio 4 o0 Collapse
113679820.00
Ejercicio 4 o2
28612920.00
##############################s####

##################################
N: 3000
##################################
Ejercicio 1 o0
851171376.00
Ejercicio 1 o2
149698988.00
Ejercicio 1 o3
66167308.00
Ejercicio 2
615780566.00
Ejercicio 3
958163390.00
Ejercicio 4 o0
156750764.00
##################################
C: 4
##################################
156836946.00
##################################
C: 8
##################################
79665942.00
##################################
C: 16
##################################
42719938.00
##################################
C: 32
##################################
24338030.00
##################################
C: 64
##################################
17355462.00
Ejercicio 4 o0 Dynamic
156939430.00
Ejercicio 4 o0 Guided
157016918.00
Ejercicio 4 o0 Collapse
156749600.00
Ejercicio 4 o2
39382228.00
##############################s####

##################################
N: 250
##################################
Ejercicio 1 o0
6117340.00
Ejercicio 1 o2
1240846.00
Ejercicio 1 o3
640954.00
Ejercicio 2
4486366.00
Ejercicio 3
6892448.00
Ejercicio 4 o0
1432126.00
##################################
C: 4
##################################
1428878.00
##################################
C: 8
##################################
1051696.00
##################################
C: 16
##################################
1097082.00
##################################
C: 32
##################################
1623354.00
##################################
C: 64
##################################
3094466.00
Ejercicio 4 o0 Dynamic
1472792.00
Ejercicio 4 o0 Guided
1429454.00
Ejercicio 4 o0 Collapse
1431590.00
Ejercicio 4 o2
517898.00
##############################s####

##################################
N: 500
##################################
Ejercicio 1 o0
24895566.00
Ejercicio 1 o2
5111734.00
Ejercicio 1 o3
2707922.00
Ejercicio 2
17892900.00
Ejercicio 3
27453518.00
Ejercicio 4 o0
4999076.00
##################################
C: 4
##################################
5032454.00
##################################
C: 8
##################################
3051994.00
##################################
C: 16
##################################
2232742.00
##################################
C: 32
##################################
2411642.00
##################################
C: 64
##################################
3482676.00
Ejercicio 4 o0 Dynamic
5013332.00
Ejercicio 4 o0 Guided
4998204.00
Ejercicio 4 o0 Collapse
4985182.00
Ejercicio 4 o2
1442634.00
##############################s####

##################################
N: 750
##################################
Ejercicio 1 o0
54831664.00
Ejercicio 1 o2
10131158.00
Ejercicio 1 o3
4772860.00
Ejercicio 2
39122544.00
Ejercicio 3
61519182.00
Ejercicio 4 o0
10323998.00
##################################
C: 4
##################################
10367758.00
##################################
C: 8
##################################
5835004.00
##################################
C: 16
##################################
4077218.00
##################################
C: 32
##################################
2965114.00
##################################
C: 64
##################################
4419208.00
Ejercicio 4 o0 Dynamic
10406384.00
Ejercicio 4 o0 Guided
10761752.00
Ejercicio 4 o0 Collapse
10408630.00
Ejercicio 4 o2
3085448.00
##############################s####

##################################
N: 1000
##################################
Ejercicio 1 o0
96405736.00
Ejercicio 1 o2
16583298.00
Ejercicio 1 o3
6964076.00
Ejercicio 2
68318922.00
Ejercicio 3
106179394.00
Ejercicio 4 o0
18214476.00
##################################
C: 4
##################################
17815128.00
##################################
C: 8
##################################
10008664.00
##################################
C: 16
##################################
6584368.00
##################################
C: 32
##################################
4569840.00
##################################
C: 64
##################################
5175216.00
Ejercicio 4 o0 Dynamic
17806148.00
Ejercicio 4 o0 Guided
17835940.00
Ejercicio 4 o0 Collapse
17754924.00
Ejercicio 4 o2
4457736.00
##############################s####

##################################
N: 1500
##################################
Ejercicio 1 o0
214385478.00
Ejercicio 1 o2
35759808.00
Ejercicio 1 o3
15852738.00
Ejercicio 2
153570672.00
Ejercicio 3
237469324.00
Ejercicio 4 o0
39460454.00
##################################
C: 4
##################################
39604938.00
##################################
C: 8
##################################
20730994.00
##################################
C: 16
##################################
12156430.00
##################################
C: 32
##################################
8480218.00
##################################
C: 64
##################################
7279176.00
Ejercicio 4 o0 Dynamic
39737550.00
Ejercicio 4 o0 Guided
39841852.00
Ejercicio 4 o0 Collapse
39666656.00
Ejercicio 4 o2
10342862.00
##############################s####

##################################
N: 2000
##################################
Ejercicio 1 o0
380224086.00
Ejercicio 1 o2
65014256.00
Ejercicio 1 o3
28906286.00
Ejercicio 2
273862498.00
Ejercicio 3
425692680.00
Ejercicio 4 o0
69789978.00
##################################
C: 4
##################################
69980446.00
##################################
C: 8
##################################
36545720.00
##################################
C: 16
##################################
19925522.00
##################################
C: 32
##################################
12154242.00
##################################
C: 64
##################################
9758940.00
Ejercicio 4 o0 Dynamic
70150604.00
Ejercicio 4 o0 Guided
70428636.00
Ejercicio 4 o0 Collapse
69683840.00
Ejercicio 4 o2
16851670.00
##############################s####

##################################
N: 2550
##################################
Ejercicio 1 o0
615826350.00
Ejercicio 1 o2
108309940.00
Ejercicio 1 o3
47536680.00
Ejercicio 2
445123392.00
Ejercicio 3
695132546.00
Ejercicio 4 o0
113572480.00
##################################
C: 4
##################################
113036956.00
##################################
C: 8
##################################
58425174.00
##################################
C: 16
##################################
31302212.00
##################################
C: 32
##################################
18805870.00
##################################
C: 64
##################################
12615998.00
Ejercicio 4 o0 Dynamic
113449410.00
Ejercicio 4 o0 Guided
113696302.00
Ejercicio 4 o0 Collapse
113105190.00
Ejercicio 4 o2
27945056.00
##############################s####

##################################
N: 3000
##################################
Ejercicio 1 o0
850740264.00
Ejercicio 1 o2
151288226.00
Ejercicio 1 o3
67046356.00
Ejercicio 2
616051586.00
Ejercicio 3
961737600.00
Ejercicio 4 o0
156647340.00
##################################
C: 4
##################################
156380290.00
##################################
C: 8
##################################
80726904.00
##################################
C: 16
##################################
43000968.00
##################################
C: 32
##################################
24126490.00
##################################
C: 64
##################################
17362698.00
Ejercicio 4 o0 Dynamic
156975762.00
Ejercicio 4 o0 Guided
157451642.00
Ejercicio 4 o0 Collapse
156241524.00
Ejercicio 4 o2
39680996.00
##############################s####

##################################
N: 250
##################################
Ejercicio 1 o0
6115764.00
Ejercicio 1 o2
1242536.00
Ejercicio 1 o3
628700.00
Ejercicio 2
4521036.00
Ejercicio 3
6910312.00
Ejercicio 4 o0
1437534.00
##################################
C: 4
##################################
1431500.00
##################################
C: 8
##################################
1059948.00
##################################
C: 16
##################################
1117468.00
##################################
C: 32
##################################
1638308.00
##################################
C: 64
##################################
3135158.00
Ejercicio 4 o0 Dynamic
1440896.00
Ejercicio 4 o0 Guided
1404404.00
Ejercicio 4 o0 Collapse
1433438.00
Ejercicio 4 o2
542112.00
##############################s####

##################################
N: 500
##################################
Ejercicio 1 o0
24847486.00
Ejercicio 1 o2
5071786.00
Ejercicio 1 o3
2704348.00
Ejercicio 2
17887702.00
Ejercicio 3
27439216.00
Ejercicio 4 o0
4984120.00
##################################
C: 4
##################################
5035386.00
##################################
C: 8
##################################
3022778.00
##################################
C: 16
##################################
2224288.00
##################################
C: 32
##################################
2754494.00
##################################
C: 64
##################################
3440640.00
Ejercicio 4 o0 Dynamic
5014994.00
Ejercicio 4 o0 Guided
4992400.00
Ejercicio 4 o0 Collapse
5026900.00
Ejercicio 4 o2
1420078.00
##############################s####

##################################
N: 750
##################################
Ejercicio 1 o0
54097930.00
Ejercicio 1 o2
10249444.00
Ejercicio 1 o3
4813156.00
Ejercicio 2
39169620.00
Ejercicio 3
60948856.00
Ejercicio 4 o0
10521292.00
##################################
C: 4
##################################
10588760.00
##################################
C: 8
##################################
5826342.00
##################################
C: 16
##################################
3711008.00
##################################
C: 32
##################################
3764016.00
##################################
C: 64
##################################
4477858.00
Ejercicio 4 o0 Dynamic
10444392.00
Ejercicio 4 o0 Guided
10425546.00
Ejercicio 4 o0 Collapse
10362774.00
Ejercicio 4 o2
2695484.00
##############################s####

##################################
N: 1000
##################################
Ejercicio 1 o0
95900994.00
Ejercicio 1 o2
16682016.00
Ejercicio 1 o3
6965046.00
Ejercicio 2
68342218.00
Ejercicio 3
106272676.00
Ejercicio 4 o0
17682258.00
##################################
C: 4
##################################
17663552.00
##################################
C: 8
##################################
10043306.00
##################################
C: 16
##################################
6463696.00
##################################
C: 32
##################################
4597490.00
##################################
C: 64
##################################
5111298.00
Ejercicio 4 o0 Dynamic
18119780.00
Ejercicio 4 o0 Guided
17809960.00
Ejercicio 4 o0 Collapse
17798452.00
Ejercicio 4 o2
4568310.00
##############################s####

##################################
N: 1500
##################################
Ejercicio 1 o0
215817674.00
Ejercicio 1 o2
36908958.00
Ejercicio 1 o3
14613572.00
Ejercicio 2
153394536.00
Ejercicio 3
238172924.00
Ejercicio 4 o0
39851008.00
##################################
C: 4
##################################
39392698.00
##################################
C: 8
##################################
20452860.00
##################################
C: 16
##################################
11819358.00
##################################
C: 32
##################################
8087840.00
##################################
C: 64
##################################
62066932.00
Ejercicio 4 o0 Dynamic
39866276.00
Ejercicio 4 o0 Guided
39865106.00
Ejercicio 4 o0 Collapse
38920342.00
Ejercicio 4 o2
10148454.00
##############################s####

##################################
N: 2000
##################################
Ejercicio 1 o0
379181010.00
Ejercicio 1 o2
66590918.00
Ejercicio 1 o3
28795478.00
Ejercicio 2
272391736.00
Ejercicio 3
425448382.00
Ejercicio 4 o0
69995016.00
##################################
C: 4
##################################
70091090.00
##################################
C: 8
##################################
36609244.00
##################################
C: 16
##################################
20016132.00
##################################
C: 32
##################################
12181538.00
##################################
C: 64
##################################
9858266.00
Ejercicio 4 o0 Dynamic
70496272.00
Ejercicio 4 o0 Guided
70541726.00
Ejercicio 4 o0 Collapse
70093232.00
Ejercicio 4 o2
17152486.00
##############################s####

##################################
N: 2550
##################################
Ejercicio 1 o0
620406864.00
Ejercicio 1 o2
109970944.00
Ejercicio 1 o3
47766190.00
Ejercicio 2
446329576.00
Ejercicio 3
693818186.00
Ejercicio 4 o0
113417076.00
##################################
C: 4
##################################
112632740.00
##################################
C: 8
##################################
57834232.00
##################################
C: 16
##################################
30919452.00
##################################
C: 32
##################################
28436152.00
##################################
C: 64
##################################
12393196.00
Ejercicio 4 o0 Dynamic
113162864.00
Ejercicio 4 o0 Guided
112733380.00
Ejercicio 4 o0 Collapse
112984358.00
Ejercicio 4 o2
28141640.00
##############################s####

##################################
N: 3000
##################################
Ejercicio 1 o0
849556470.00
Ejercicio 1 o2
150353896.00
Ejercicio 1 o3
67083898.00
Ejercicio 2
616043914.00
Ejercicio 3
960966432.00
Ejercicio 4 o0
157097670.00
##################################
C: 4
##################################
157024994.00
##################################
C: 8
##################################
80129348.00
##################################
C: 16
##################################
42770958.00
##################################
C: 32
##################################
24643720.00
##################################
C: 64
##################################
16817764.00
Ejercicio 4 o0 Dynamic
156605120.00
Ejercicio 4 o0 Guided
156744324.00
Ejercicio 4 o0 Collapse
157058298.00
Ejercicio 4 o2
39063794.00
##############################s####

##################################
N: 250
##################################
Ejercicio 1 o0
6147434.00
Ejercicio 1 o2
1230790.00
Ejercicio 1 o3
639774.00
Ejercicio 2
4504102.00
Ejercicio 3
6901508.00
Ejercicio 4 o0
1455274.00
##################################
C: 4
##################################
1434792.00
##################################
C: 8
##################################
1090098.00
##################################
C: 16
##################################
1115030.00
##################################
C: 32
##################################
1595058.00
##################################
C: 64
##################################
3148682.00
Ejercicio 4 o0 Dynamic
1780864.00
Ejercicio 4 o0 Guided
1423436.00
Ejercicio 4 o0 Collapse
1421358.00
Ejercicio 4 o2
504286.00
##############################s####

##################################
N: 500
##################################
Ejercicio 1 o0
24772604.00
Ejercicio 1 o2
5062846.00
Ejercicio 1 o3
2664868.00
Ejercicio 2
17886158.00
Ejercicio 3
27420230.00
Ejercicio 4 o0
4989938.00
##################################
C: 4
##################################
5003738.00
##################################
C: 8
##################################
3000392.00
##################################
C: 16
##################################
2224548.00
##################################
C: 32
##################################
2340568.00
##################################
C: 64
##################################
3338604.00
Ejercicio 4 o0 Dynamic
5024888.00
Ejercicio 4 o0 Guided
4999286.00
Ejercicio 4 o0 Collapse
5003526.00
Ejercicio 4 o2
1422690.00
##############################s####

##################################
N: 750
##################################
Ejercicio 1 o0
54935630.00
Ejercicio 1 o2
9149966.00
Ejercicio 1 o3
4831628.00
Ejercicio 2
38118244.00
Ejercicio 3
61570974.00
Ejercicio 4 o0
10735680.00
##################################
C: 4
##################################
10603144.00
##################################
C: 8
##################################
5815218.00
##################################
C: 16
##################################
3796252.00
##################################
C: 32
##################################
3763842.00
##################################
C: 64
##################################
4340964.00
Ejercicio 4 o0 Dynamic
10693800.00
Ejercicio 4 o0 Guided
10364200.00
Ejercicio 4 o0 Collapse
10838460.00
Ejercicio 4 o2
2933988.00
##############################s####

##################################
N: 1000
##################################
Ejercicio 1 o0
96230460.00
Ejercicio 1 o2
18054798.00
Ejercicio 1 o3
7145180.00
Ejercicio 2
69426646.00
Ejercicio 3
106221358.00
Ejercicio 4 o0
17782844.00
##################################
C: 4
##################################
17963998.00
##################################
C: 8
##################################
9865442.00
##################################
C: 16
##################################
5848732.00
##################################
C: 32
##################################
4460980.00
##################################
C: 64
##################################
4992040.00
Ejercicio 4 o0 Dynamic
18273208.00
Ejercicio 4 o0 Guided
17770682.00
Ejercicio 4 o0 Collapse
17726080.00
Ejercicio 4 o2
4714306.00
##############################s####

##################################
N: 1500
##################################
Ejercicio 1 o0
215085496.00
Ejercicio 1 o2
36970896.00
Ejercicio 1 o3
15551828.00
Ejercicio 2
153342166.00
Ejercicio 3
237266690.00
Ejercicio 4 o0
38987678.00
##################################
C: 4
##################################
39026258.00
##################################
C: 8
##################################
20984872.00
##################################
C: 16
##################################
11781528.00
##################################
C: 32
##################################
8061806.00
##################################
C: 64
##################################
7153586.00
Ejercicio 4 o0 Dynamic
39488016.00
Ejercicio 4 o0 Guided
39436120.00
Ejercicio 4 o0 Collapse
39556416.00
Ejercicio 4 o2
9941036.00
##############################s####

##################################
N: 2000
##################################
Ejercicio 1 o0
381185338.00
Ejercicio 1 o2
66050504.00
Ejercicio 1 o3
28558570.00
Ejercicio 2
273542526.00
Ejercicio 3
425404930.00
Ejercicio 4 o0
70016086.00
##################################
C: 4
##################################
69655242.00
##################################
C: 8
##################################
36613926.00
##################################
C: 16
##################################
20103754.00
##################################
C: 32
##################################
12718022.00
##################################
C: 64
##################################
9911882.00
Ejercicio 4 o0 Dynamic
70235080.00
Ejercicio 4 o0 Guided
70281600.00
Ejercicio 4 o0 Collapse
69681444.00
Ejercicio 4 o2
17394534.00
##############################s####

##################################
N: 2550
##################################
Ejercicio 1 o0
619622654.00
Ejercicio 1 o2
108553686.00
Ejercicio 1 o3
47507626.00
Ejercicio 2
445266970.00
Ejercicio 3
692492190.00
Ejercicio 4 o0
113804770.00
##################################
C: 4
##################################
113006670.00
##################################
C: 8
##################################
58787690.00
##################################
C: 16
##################################
31238196.00
##################################
C: 32
##################################
18638016.00
##################################
C: 64
##################################
12504410.00
Ejercicio 4 o0 Dynamic
113141716.00
Ejercicio 4 o0 Guided
112991504.00
Ejercicio 4 o0 Collapse
113479134.00
Ejercicio 4 o2
28861110.00
##############################s####

##################################
N: 3000
##################################
Ejercicio 1 o0
850372194.00
Ejercicio 1 o2
149831234.00
Ejercicio 1 o3
67247564.00
Ejercicio 2
616974834.00
Ejercicio 3
961591380.00
Ejercicio 4 o0
157255440.00
##################################
C: 4
##################################
156245522.00
##################################
C: 8
##################################
80567298.00
##################################
C: 16
##################################
43185160.00
##################################
C: 32
##################################
24327002.00
##################################
C: 64
##################################
16942944.00
Ejercicio 4 o0 Dynamic
157162516.00
Ejercicio 4 o0 Guided
156876670.00
Ejercicio 4 o0 Collapse
156384222.00
Ejercicio 4 o2
38041584.00
##############################s####

##################################
N: 250
##################################
Ejercicio 1 o0
6141368.00
Ejercicio 1 o2
1247446.00
Ejercicio 1 o3
629080.00
Ejercicio 2
4492970.00
Ejercicio 3
6905628.00
Ejercicio 4 o0
1424830.00
##################################
C: 4
##################################
1437206.00
##################################
C: 8
##################################
1048748.00
##################################
C: 16
##################################
1093188.00
##################################
C: 32
##################################
1633822.00
##################################
C: 64
##################################
3284854.00
Ejercicio 4 o0 Dynamic
1518832.00
Ejercicio 4 o0 Guided
1444360.00
Ejercicio 4 o0 Collapse
1416540.00
Ejercicio 4 o2
521560.00
##############################s####

##################################
N: 500
##################################
Ejercicio 1 o0
24938032.00
Ejercicio 1 o2
5087892.00
Ejercicio 1 o3
2708136.00
Ejercicio 2
17924842.00
Ejercicio 3
27443344.00
Ejercicio 4 o0
5011388.00
##################################
C: 4
##################################
5037090.00
##################################
C: 8
##################################
3029172.00
##################################
C: 16
##################################
2281394.00
##################################
C: 32
##################################
2455332.00
##################################
C: 64
##################################
3472988.00
Ejercicio 4 o0 Dynamic
5027708.00
Ejercicio 4 o0 Guided
4998128.00
Ejercicio 4 o0 Collapse
5012426.00
Ejercicio 4 o2
1426816.00
##############################s####

##################################
N: 750
##################################
Ejercicio 1 o0
55160152.00
Ejercicio 1 o2
10191916.00
Ejercicio 1 o3
4804890.00
Ejercicio 2
39208326.00
Ejercicio 3
61825538.00
Ejercicio 4 o0
10403112.00
##################################
C: 4
##################################
10586142.00
##################################
C: 8
##################################
6309678.00
##################################
C: 16
##################################
4070582.00
##################################
C: 32
##################################
3940544.00
##################################
C: 64
##################################
4381086.00
Ejercicio 4 o0 Dynamic
10467712.00
Ejercicio 4 o0 Guided
10399056.00
Ejercicio 4 o0 Collapse
10731846.00
Ejercicio 4 o2
2879784.00
##############################s####

##################################
N: 1000
##################################
Ejercicio 1 o0
96123256.00
Ejercicio 1 o2
16488518.00
Ejercicio 1 o3
7091184.00
Ejercicio 2
68361534.00
Ejercicio 3
107622236.00
Ejercicio 4 o0
17728584.00
##################################
C: 4
##################################
18197186.00
##################################
C: 8
##################################
10027790.00
##################################
C: 16
##################################
6652772.00
##################################
C: 32
##################################
4511232.00
##################################
C: 64
##################################
5203372.00
Ejercicio 4 o0 Dynamic
18139426.00
Ejercicio 4 o0 Guided
18289298.00
Ejercicio 4 o0 Collapse
17830436.00
Ejercicio 4 o2
4528862.00
##############################s####

##################################
N: 1500
##################################
Ejercicio 1 o0
215009492.00
Ejercicio 1 o2
35778940.00
Ejercicio 1 o3
14415042.00
Ejercicio 2
152359750.00
Ejercicio 3
237252534.00
Ejercicio 4 o0
38915764.00
##################################
C: 4
##################################
38952984.00
##################################
C: 8
##################################
20522288.00
##################################
C: 16
##################################
11637482.00
##################################
C: 32
##################################
7919430.00
##################################
C: 64
##################################
7025748.00
Ejercicio 4 o0 Dynamic
39363648.00
Ejercicio 4 o0 Guided
39394508.00
Ejercicio 4 o0 Collapse
39235646.00
Ejercicio 4 o2
9854096.00
##############################s####

##################################
N: 2000
##################################
Ejercicio 1 o0
380503418.00
Ejercicio 1 o2
65958240.00
Ejercicio 1 o3
27188102.00
Ejercicio 2
273734392.00
Ejercicio 3
425753268.00
Ejercicio 4 o0
69995210.00
##################################
C: 4
##################################
69863514.00
##################################
C: 8
##################################
36459456.00
##################################
C: 16
##################################
20127040.00
##################################
C: 32
##################################
12388092.00
##################################
C: 64
##################################
10111588.00
Ejercicio 4 o0 Dynamic
69973662.00
Ejercicio 4 o0 Guided
69742376.00
Ejercicio 4 o0 Collapse
69515974.00
Ejercicio 4 o2
17524468.00
##############################s####

##################################
N: 2550
##################################
Ejercicio 1 o0
619693954.00
Ejercicio 1 o2
109020130.00
Ejercicio 1 o3
47049958.00
Ejercicio 2
445227890.00
Ejercicio 3
693654202.00
Ejercicio 4 o0
113036674.00
##################################
C: 4
##################################
113038258.00
##################################
C: 8
##################################
58483842.00
##################################
C: 16
##################################
31628702.00
##################################
C: 32
##################################
18951864.00
##################################
C: 64
##################################
12532348.00
Ejercicio 4 o0 Dynamic
113646760.00
Ejercicio 4 o0 Guided
112973302.00
Ejercicio 4 o0 Collapse
113504828.00
Ejercicio 4 o2
27459308.00
##############################s####

##################################
N: 3000
##################################
Ejercicio 1 o0
852078578.00
Ejercicio 1 o2
151226720.00
Ejercicio 1 o3
67274656.00
Ejercicio 2
617184486.00
Ejercicio 3
963534510.00
Ejercicio 4 o0
156699512.00
##################################
C: 4
##################################
157293348.00
##################################
C: 8
##################################
80113848.00
##################################
C: 16
##################################
42789840.00
##################################
C: 32
##################################
24723452.00
##################################
C: 64
##################################
16482620.00
Ejercicio 4 o0 Dynamic
157235752.00
Ejercicio 4 o0 Guided
157380094.00
Ejercicio 4 o0 Collapse
158464978.00
Ejercicio 4 o2
40205930.00
##############################s####

Wrong F. Check it out.
