slurmstepd: info: Setting TMPDIR to /scratch/2795162. Previous errors about TMPDIR can be discarded
##################################
N: 250
##################################
##################################
C: 4
##################################
1429856.00
##################################
C: 8
##################################
1084748.00
##################################
C: 16
##################################
1098044.00
##################################
C: 32
##################################
1638812.00
##################################
C: 64
##################################
3637056.00
##################################

##################################
N: 500
##################################
##################################
C: 4
##################################
5000804.00
##################################
C: 8
##################################
3015272.00
##################################
C: 16
##################################
2208060.00
##################################
C: 32
##################################
2363626.00
##################################
C: 64
##################################
123347344.00
##################################

##################################
N: 750
##################################
##################################
C: 4
##################################
10852670.00
##################################
C: 8
##################################
5875908.00
##################################
C: 16
##################################
3788222.00
##################################
C: 32
##################################
3859728.00
##################################
C: 64
##################################
4598036.00
##################################

##################################
N: 1000
##################################
##################################
C: 4
##################################
17849002.00
##################################
C: 8
##################################
9558778.00
##################################
C: 16
##################################
5807278.00
##################################
C: 32
##################################
4568748.00
##################################
C: 64
##################################
5159380.00
##################################

##################################
N: 1500
##################################
##################################
C: 4
##################################
39782978.00
##################################
C: 8
##################################
20884382.00
##################################
C: 16
##################################
11828998.00
##################################
C: 32
##################################
7976280.00
##################################
C: 64
##################################
7362900.00
##################################

##################################
N: 2000
##################################
##################################
C: 4
##################################
69603726.00
##################################
C: 8
##################################
36741278.00
##################################
C: 16
##################################
20122194.00
##################################
C: 32
##################################
12097702.00
##################################
C: 64
##################################
10062524.00
##################################

##################################
N: 2550
##################################
##################################
C: 4
##################################
113156884.00
##################################
C: 8
##################################
57882922.00
##################################
C: 16
##################################
31704378.00
##################################
C: 32
##################################
18471640.00
##################################
C: 64
##################################
12502674.00
##################################

##################################
N: 3000
##################################
##################################
C: 4
##################################
156396052.00
##################################
C: 8
##################################
80291444.00
##################################
C: 16
##################################
42739886.00
##################################
C: 32
##################################
24357902.00
##################################
C: 64
##################################
16805074.00
##################################

Wrong F. Check it out.
