slurmstepd: info: Setting TMPDIR to /scratch/2795487. Previous errors about TMPDIR can be discarded
Ejercicio 3
6969506.00
##############################s####

Ejercicio 3
27681952.00
##############################s####

Ejercicio 3
61734866.00
##############################s####

Ejercicio 3
107291580.00
##############################s####

Ejercicio 3
240721492.00
##############################s####

Ejercicio 3
426362476.00
##############################s####

Ejercicio 3
695193856.00
##############################s####

Ejercicio 3
959326942.00
##############################s####

Wrong F. Check it out.
