slurmstepd: info: Setting TMPDIR to /scratch/2794874. Previous errors about TMPDIR can be discarded
##################################
N: 250
##################################
##################################
C: 4
##################################
1428542.00
##################################
C: 8
##################################
1070126.00
##################################
C: 16
##################################
1089814.00
##################################
C: 32
##################################
1595222.00
##################################
C: 64
##################################
3397736.00
##################################

##################################
N: 500
##################################
##################################
C: 4
##################################
5075472.00
##################################
C: 8
##################################
3034142.00
##################################
C: 16
##################################
2263024.00
##################################
C: 32
##################################
2756706.00
##################################
C: 64
##################################
3387540.00
##################################

##################################
N: 750
##################################
##################################
C: 4
##################################
10388746.00
##################################
C: 8
##################################
6558664.00
##################################
C: 16
##################################
4270572.00
##################################
C: 32
##################################
4118412.00
##################################
C: 64
##################################
4851280.00
##################################

##################################
N: 1000
##################################
##################################
C: 4
##################################
17913258.00
##################################
C: 8
##################################
10088934.00
##################################
C: 16
##################################
5886184.00
##################################
C: 32
##################################
4449678.00
##################################
C: 64
##################################
5153236.00
##################################

##################################
N: 1500
##################################
##################################
C: 4
##################################
39553616.00
##################################
C: 8
##################################
21222858.00
##################################
C: 16
##################################
12085180.00
##################################
C: 32
##################################
8408770.00
##################################
C: 64
##################################
7508474.00
##################################

##################################
N: 2000
##################################
##################################
C: 4
##################################
70477672.00
##################################
C: 8
##################################
36348930.00
##################################
C: 16
##################################
19980532.00
##################################
C: 32
##################################
12490140.00
##################################
C: 64
##################################
9793782.00
##################################

##################################
N: 2550
##################################
##################################
C: 4
##################################
113083172.00
##################################
C: 8
##################################
58385258.00
##################################
C: 16
##################################
30964294.00
##################################
C: 32
##################################
18456620.00
##################################
C: 64
##################################
12450258.00
##################################

##################################
N: 3000
##################################
##################################
C: 4
##################################
156142578.00
##################################
C: 8
##################################
80574510.00
##################################
C: 16
##################################
42670684.00
##################################
C: 32
##################################
24300514.00
##################################
C: 64
##################################
16559396.00
##################################

Wrong F. Check it out.
