slurmstepd: info: Setting TMPDIR to /scratch/2794892. Previous errors about TMPDIR can be discarded
##################################
N: 250
##################################
##################################
C: 4
##################################
1428830.00
##################################
C: 8
##################################
1040740.00
##################################
C: 16
##################################
1070428.00
##################################
C: 32
##################################
1597872.00
##################################
C: 64
##################################
3076218.00
##################################

##################################
N: 500
##################################
##################################
C: 4
##################################
5010488.00
##################################
C: 8
##################################
3007048.00
##################################
C: 16
##################################
2233492.00
##################################
C: 32
##################################
2276626.00
##################################
C: 64
##################################
3821788.00
##################################

##################################
N: 750
##################################
##################################
C: 4
##################################
10372316.00
##################################
C: 8
##################################
5871670.00
##################################
C: 16
##################################
3825752.00
##################################
C: 32
##################################
3802720.00
##################################
C: 64
##################################
4463840.00
##################################

##################################
N: 1000
##################################
##################################
C: 4
##################################
17877232.00
##################################
C: 8
##################################
9995446.00
##################################
C: 16
##################################
6798452.00
##################################
C: 32
##################################
4598300.00
##################################
C: 64
##################################
5260476.00
##################################

##################################
N: 1500
##################################
##################################
C: 4
##################################
39865664.00
##################################
C: 8
##################################
20832160.00
##################################
C: 16
##################################
12132178.00
##################################
C: 32
##################################
8423190.00
##################################
C: 64
##################################
7146738.00
##################################

##################################
N: 2000
##################################
##################################
C: 4
##################################
70221198.00
##################################
C: 8
##################################
36913236.00
##################################
C: 16
##################################
20041368.00
##################################
C: 32
##################################
12148118.00
##################################
C: 64
##################################
10025580.00
##################################

##################################
N: 2550
##################################
##################################
C: 4
##################################
113138794.00
##################################
C: 8
##################################
58408810.00
##################################
C: 16
##################################
31258244.00
##################################
C: 32
##################################
18510058.00
##################################
C: 64
##################################
12905670.00
##################################

##################################
N: 3000
##################################
##################################
C: 4
##################################
156152416.00
##################################
C: 8
##################################
79658010.00
##################################
C: 16
##################################
42854376.00
##################################
C: 32
##################################
24249110.00
##################################
C: 64
##################################
17187850.00
##################################

Wrong F. Check it out.
